2022-12-20 00:04:42.529  INFO 1372 --- [AsyncResolver-bootstrap-executor-0] c.n.d.s.r.aws.ConfigClusterResolver      : Resolving eureka endpoints via configuration
2022-12-20 00:09:42.688  INFO 1372 --- [AsyncResolver-bootstrap-executor-0] c.n.d.s.r.aws.ConfigClusterResolver      : Resolving eureka endpoints via configuration
2022-12-20 00:14:42.704  INFO 1372 --- [AsyncResolver-bootstrap-executor-0] c.n.d.s.r.aws.ConfigClusterResolver      : Resolving eureka endpoints via configuration
2022-12-20 00:19:42.711  INFO 1372 --- [AsyncResolver-bootstrap-executor-0] c.n.d.s.r.aws.ConfigClusterResolver      : Resolving eureka endpoints via configuration
2022-12-20 00:24:42.731  INFO 1372 --- [AsyncResolver-bootstrap-executor-0] c.n.d.s.r.aws.ConfigClusterResolver      : Resolving eureka endpoints via configuration
2022-12-20 00:29:42.736  INFO 1372 --- [AsyncResolver-bootstrap-executor-0] c.n.d.s.r.aws.ConfigClusterResolver      : Resolving eureka endpoints via configuration
2022-12-20 00:34:42.750  INFO 1372 --- [AsyncResolver-bootstrap-executor-0] c.n.d.s.r.aws.ConfigClusterResolver      : Resolving eureka endpoints via configuration
2022-12-20 00:39:42.766  INFO 1372 --- [AsyncResolver-bootstrap-executor-0] c.n.d.s.r.aws.ConfigClusterResolver      : Resolving eureka endpoints via configuration
2022-12-20 00:44:42.785  INFO 1372 --- [AsyncResolver-bootstrap-executor-0] c.n.d.s.r.aws.ConfigClusterResolver      : Resolving eureka endpoints via configuration
2022-12-20 00:49:42.803  INFO 1372 --- [AsyncResolver-bootstrap-executor-0] c.n.d.s.r.aws.ConfigClusterResolver      : Resolving eureka endpoints via configuration
2022-12-20 00:54:42.823  INFO 1372 --- [AsyncResolver-bootstrap-executor-0] c.n.d.s.r.aws.ConfigClusterResolver      : Resolving eureka endpoints via configuration
2022-12-20 00:59:42.828  INFO 1372 --- [AsyncResolver-bootstrap-executor-0] c.n.d.s.r.aws.ConfigClusterResolver      : Resolving eureka endpoints via configuration
2022-12-20 01:04:42.840  INFO 1372 --- [AsyncResolver-bootstrap-executor-0] c.n.d.s.r.aws.ConfigClusterResolver      : Resolving eureka endpoints via configuration
2022-12-20 01:09:42.848  INFO 1372 --- [AsyncResolver-bootstrap-executor-0] c.n.d.s.r.aws.ConfigClusterResolver      : Resolving eureka endpoints via configuration
2022-12-20 01:14:42.875  INFO 1372 --- [AsyncResolver-bootstrap-executor-0] c.n.d.s.r.aws.ConfigClusterResolver      : Resolving eureka endpoints via configuration
2022-12-20 01:17:37.773  INFO 1372 --- [SpringApplicationShutdownHook] o.s.c.n.e.s.EurekaServiceRegistry        : Unregistering application API-GATEWAY with eureka with status DOWN
2022-12-20 01:17:37.779  INFO 1372 --- [SpringApplicationShutdownHook] com.netflix.discovery.DiscoveryClient    : Saw local status change event StatusChangeEvent [timestamp=1671495457778, current=DOWN, previous=UP]
2022-12-20 01:17:37.785  INFO 1372 --- [DiscoveryClient-InstanceInfoReplicator-0] com.netflix.discovery.DiscoveryClient    : DiscoveryClient_API-GATEWAY/DESKTOP-0AUJCS8:api-gateway:7700: registering service...
2022-12-20 01:17:38.056  INFO 1372 --- [DiscoveryClient-InstanceInfoReplicator-0] com.netflix.discovery.DiscoveryClient    : DiscoveryClient_API-GATEWAY/DESKTOP-0AUJCS8:api-gateway:7700 - registration status: 204
2022-12-20 01:17:40.412  INFO 1372 --- [SpringApplicationShutdownHook] com.netflix.discovery.DiscoveryClient    : Shutting down DiscoveryClient ...
2022-12-20 01:17:43.441  INFO 1372 --- [SpringApplicationShutdownHook] com.netflix.discovery.DiscoveryClient    : Unregistering ...
2022-12-20 01:17:43.483  INFO 1372 --- [SpringApplicationShutdownHook] com.netflix.discovery.DiscoveryClient    : DiscoveryClient_API-GATEWAY/DESKTOP-0AUJCS8:api-gateway:7700 - deregister  status: 200
2022-12-20 01:17:43.513  INFO 1372 --- [SpringApplicationShutdownHook] com.netflix.discovery.DiscoveryClient    : Completed shut down of DiscoveryClient
2022-12-20 17:54:42.985  INFO 28112 --- [main] com.apigateway.ApiGatewayApplication     : Starting ApiGatewayApplication using Java 19.0.1 on DESKTOP-0AUJCS8 with PID 28112 (C:\GIT\UPP_i_SEP_UDD\employment-agency\PaymentService\api-gateway\target\classes started by Nemanja in C:\GIT\UPP_i_SEP_UDD\employment-agency\PaymentService\api-gateway)
2022-12-20 17:54:42.998  INFO 28112 --- [main] com.apigateway.ApiGatewayApplication     : No active profile set, falling back to 1 default profile: "default"
2022-12-20 17:54:47.639  INFO 28112 --- [main] o.s.cloud.context.scope.GenericScope     : BeanFactory id=c6d5bbf9-4713-3d99-8b81-57a941ce1882
2022-12-20 17:54:47.933  INFO 28112 --- [main] trationDelegate$BeanPostProcessorChecker : Bean 'org.springframework.cloud.client.loadbalancer.reactive.LoadBalancerBeanPostProcessorAutoConfiguration' of type [org.springframework.cloud.client.loadbalancer.reactive.LoadBalancerBeanPostProcessorAutoConfiguration] is not eligible for getting processed by all BeanPostProcessors (for example: not eligible for auto-proxying)
2022-12-20 17:54:47.938  INFO 28112 --- [main] trationDelegate$BeanPostProcessorChecker : Bean 'org.springframework.cloud.client.loadbalancer.reactive.LoadBalancerBeanPostProcessorAutoConfiguration$ReactorDeferringLoadBalancerFilterConfig' of type [org.springframework.cloud.client.loadbalancer.reactive.LoadBalancerBeanPostProcessorAutoConfiguration$ReactorDeferringLoadBalancerFilterConfig] is not eligible for getting processed by all BeanPostProcessors (for example: not eligible for auto-proxying)
2022-12-20 17:54:47.941  INFO 28112 --- [main] trationDelegate$BeanPostProcessorChecker : Bean 'reactorDeferringLoadBalancerExchangeFilterFunction' of type [org.springframework.cloud.client.loadbalancer.reactive.DeferringLoadBalancerExchangeFilterFunction] is not eligible for getting processed by all BeanPostProcessors (for example: not eligible for auto-proxying)
2022-12-20 17:54:51.413  INFO 28112 --- [main] o.s.c.g.r.RouteDefinitionRouteLocator    : Loaded RoutePredicateFactory [After]
2022-12-20 17:54:51.414  INFO 28112 --- [main] o.s.c.g.r.RouteDefinitionRouteLocator    : Loaded RoutePredicateFactory [Before]
2022-12-20 17:54:51.416  INFO 28112 --- [main] o.s.c.g.r.RouteDefinitionRouteLocator    : Loaded RoutePredicateFactory [Between]
2022-12-20 17:54:51.417  INFO 28112 --- [main] o.s.c.g.r.RouteDefinitionRouteLocator    : Loaded RoutePredicateFactory [Cookie]
2022-12-20 17:54:51.418  INFO 28112 --- [main] o.s.c.g.r.RouteDefinitionRouteLocator    : Loaded RoutePredicateFactory [Header]
2022-12-20 17:54:51.419  INFO 28112 --- [main] o.s.c.g.r.RouteDefinitionRouteLocator    : Loaded RoutePredicateFactory [Host]
2022-12-20 17:54:51.420  INFO 28112 --- [main] o.s.c.g.r.RouteDefinitionRouteLocator    : Loaded RoutePredicateFactory [Method]
2022-12-20 17:54:51.421  INFO 28112 --- [main] o.s.c.g.r.RouteDefinitionRouteLocator    : Loaded RoutePredicateFactory [Path]
2022-12-20 17:54:51.422  INFO 28112 --- [main] o.s.c.g.r.RouteDefinitionRouteLocator    : Loaded RoutePredicateFactory [Query]
2022-12-20 17:54:51.422  INFO 28112 --- [main] o.s.c.g.r.RouteDefinitionRouteLocator    : Loaded RoutePredicateFactory [ReadBody]
2022-12-20 17:54:51.423  INFO 28112 --- [main] o.s.c.g.r.RouteDefinitionRouteLocator    : Loaded RoutePredicateFactory [RemoteAddr]
2022-12-20 17:54:51.424  INFO 28112 --- [main] o.s.c.g.r.RouteDefinitionRouteLocator    : Loaded RoutePredicateFactory [XForwardedRemoteAddr]
2022-12-20 17:54:51.425  INFO 28112 --- [main] o.s.c.g.r.RouteDefinitionRouteLocator    : Loaded RoutePredicateFactory [Weight]
2022-12-20 17:54:51.425  INFO 28112 --- [main] o.s.c.g.r.RouteDefinitionRouteLocator    : Loaded RoutePredicateFactory [CloudFoundryRouteService]
2022-12-20 17:54:53.943  INFO 28112 --- [main] o.s.b.a.e.web.EndpointLinksResolver      : Exposing 1 endpoint(s) beneath base path '/actuator'
2022-12-20 17:54:54.717  INFO 28112 --- [main] DiscoveryClientOptionalArgsConfiguration : Eureka HTTP Client uses RestTemplate.
2022-12-20 17:54:55.097  WARN 28112 --- [main] iguration$LoadBalancerCaffeineWarnLogger : Spring Cloud LoadBalancer is currently working with the default cache. While this cache implementation is useful for development and tests, it's recommended to use Caffeine cache in production.You can switch to using Caffeine cache, by adding it and org.springframework.cache.caffeine.CaffeineCacheManager to the classpath.
2022-12-20 17:54:55.207  INFO 28112 --- [main] o.s.c.n.eureka.InstanceInfoFactory       : Setting initial instance status as: STARTING
2022-12-20 17:54:56.321  INFO 28112 --- [main] com.netflix.discovery.DiscoveryClient    : Initializing Eureka in region us-east-1
2022-12-20 17:54:56.371  INFO 28112 --- [main] c.n.d.s.r.aws.ConfigClusterResolver      : Resolving eureka endpoints via configuration
2022-12-20 17:54:56.516  INFO 28112 --- [main] com.netflix.discovery.DiscoveryClient    : Disable delta property : false
2022-12-20 17:54:56.516  INFO 28112 --- [main] com.netflix.discovery.DiscoveryClient    : Single vip registry refresh property : null
2022-12-20 17:54:56.517  INFO 28112 --- [main] com.netflix.discovery.DiscoveryClient    : Force full registry fetch : false
2022-12-20 17:54:56.518  INFO 28112 --- [main] com.netflix.discovery.DiscoveryClient    : Application is null : false
2022-12-20 17:54:56.520  INFO 28112 --- [main] com.netflix.discovery.DiscoveryClient    : Registered Applications size is zero : true
2022-12-20 17:54:56.520  INFO 28112 --- [main] com.netflix.discovery.DiscoveryClient    : Application version is -1: true
2022-12-20 17:54:56.521  INFO 28112 --- [main] com.netflix.discovery.DiscoveryClient    : Getting all instance registry info from the eureka server
2022-12-20 17:54:58.974  INFO 28112 --- [main] com.netflix.discovery.DiscoveryClient    : The response status is 200
2022-12-20 17:54:58.989  INFO 28112 --- [main] com.netflix.discovery.DiscoveryClient    : Starting heartbeat executor: renew interval is: 30
2022-12-20 17:54:59.000  INFO 28112 --- [main] c.n.discovery.InstanceInfoReplicator     : InstanceInfoReplicator onDemand update allowed rate per min is 4
2022-12-20 17:54:59.025  INFO 28112 --- [main] com.netflix.discovery.DiscoveryClient    : Discovery Client initialized at timestamp 1671555299020 with initial instances count: 0
2022-12-20 17:54:59.030  INFO 28112 --- [main] o.s.c.n.e.s.EurekaServiceRegistry        : Registering application API-GATEWAY with eureka with status UP
2022-12-20 17:54:59.033  INFO 28112 --- [main] com.netflix.discovery.DiscoveryClient    : Saw local status change event StatusChangeEvent [timestamp=1671555299033, current=UP, previous=STARTING]
2022-12-20 17:54:59.038  INFO 28112 --- [DiscoveryClient-InstanceInfoReplicator-0] com.netflix.discovery.DiscoveryClient    : DiscoveryClient_API-GATEWAY/DESKTOP-0AUJCS8:api-gateway:7700: registering service...
2022-12-20 17:54:59.789  INFO 28112 --- [DiscoveryClient-InstanceInfoReplicator-0] com.netflix.discovery.DiscoveryClient    : DiscoveryClient_API-GATEWAY/DESKTOP-0AUJCS8:api-gateway:7700 - registration status: 204
2022-12-20 17:55:00.173  INFO 28112 --- [main] o.s.b.web.embedded.netty.NettyWebServer  : Netty started on port 7700
2022-12-20 17:55:00.177  INFO 28112 --- [main] .s.c.n.e.s.EurekaAutoServiceRegistration : Updating port to 7700
2022-12-20 17:55:01.146  INFO 28112 --- [main] com.apigateway.ApiGatewayApplication     : Started ApiGatewayApplication in 21.79 seconds (JVM running for 28.304)
2022-12-20 17:55:28.999  INFO 28112 --- [DiscoveryClient-CacheRefreshExecutor-0] com.netflix.discovery.DiscoveryClient    : Disable delta property : false
2022-12-20 17:55:29.001  INFO 28112 --- [DiscoveryClient-CacheRefreshExecutor-0] com.netflix.discovery.DiscoveryClient    : Single vip registry refresh property : null
2022-12-20 17:55:29.002  INFO 28112 --- [DiscoveryClient-CacheRefreshExecutor-0] com.netflix.discovery.DiscoveryClient    : Force full registry fetch : false
2022-12-20 17:55:29.002  INFO 28112 --- [DiscoveryClient-CacheRefreshExecutor-0] com.netflix.discovery.DiscoveryClient    : Application is null : false
2022-12-20 17:55:29.003  INFO 28112 --- [DiscoveryClient-CacheRefreshExecutor-0] com.netflix.discovery.DiscoveryClient    : Registered Applications size is zero : true
2022-12-20 17:55:29.003  INFO 28112 --- [DiscoveryClient-CacheRefreshExecutor-0] com.netflix.discovery.DiscoveryClient    : Application version is -1: false
2022-12-20 17:55:29.004  INFO 28112 --- [DiscoveryClient-CacheRefreshExecutor-0] com.netflix.discovery.DiscoveryClient    : Getting all instance registry info from the eureka server
2022-12-20 17:55:29.059  INFO 28112 --- [DiscoveryClient-CacheRefreshExecutor-0] com.netflix.discovery.DiscoveryClient    : The response status is 200
2022-12-20 17:59:56.566  INFO 28112 --- [AsyncResolver-bootstrap-executor-0] c.n.d.s.r.aws.ConfigClusterResolver      : Resolving eureka endpoints via configuration
2022-12-20 18:04:56.653  INFO 28112 --- [AsyncResolver-bootstrap-executor-0] c.n.d.s.r.aws.ConfigClusterResolver      : Resolving eureka endpoints via configuration
2022-12-20 18:09:56.672  INFO 28112 --- [AsyncResolver-bootstrap-executor-0] c.n.d.s.r.aws.ConfigClusterResolver      : Resolving eureka endpoints via configuration
2022-12-20 18:14:56.682  INFO 28112 --- [AsyncResolver-bootstrap-executor-0] c.n.d.s.r.aws.ConfigClusterResolver      : Resolving eureka endpoints via configuration
2022-12-20 18:19:56.689  INFO 28112 --- [AsyncResolver-bootstrap-executor-0] c.n.d.s.r.aws.ConfigClusterResolver      : Resolving eureka endpoints via configuration
2022-12-20 18:24:56.704  INFO 28112 --- [AsyncResolver-bootstrap-executor-0] c.n.d.s.r.aws.ConfigClusterResolver      : Resolving eureka endpoints via configuration
2022-12-20 18:29:56.714  INFO 28112 --- [AsyncResolver-bootstrap-executor-0] c.n.d.s.r.aws.ConfigClusterResolver      : Resolving eureka endpoints via configuration
2022-12-20 18:34:56.717  INFO 28112 --- [AsyncResolver-bootstrap-executor-0] c.n.d.s.r.aws.ConfigClusterResolver      : Resolving eureka endpoints via configuration
2022-12-20 18:39:56.734  INFO 28112 --- [AsyncResolver-bootstrap-executor-0] c.n.d.s.r.aws.ConfigClusterResolver      : Resolving eureka endpoints via configuration
2022-12-20 18:44:56.741  INFO 28112 --- [AsyncResolver-bootstrap-executor-0] c.n.d.s.r.aws.ConfigClusterResolver      : Resolving eureka endpoints via configuration
2022-12-20 18:49:56.756  INFO 28112 --- [AsyncResolver-bootstrap-executor-0] c.n.d.s.r.aws.ConfigClusterResolver      : Resolving eureka endpoints via configuration
2022-12-20 18:54:56.768  INFO 28112 --- [AsyncResolver-bootstrap-executor-0] c.n.d.s.r.aws.ConfigClusterResolver      : Resolving eureka endpoints via configuration
2022-12-20 18:59:56.777  INFO 28112 --- [AsyncResolver-bootstrap-executor-0] c.n.d.s.r.aws.ConfigClusterResolver      : Resolving eureka endpoints via configuration
2022-12-20 19:04:56.790  INFO 28112 --- [AsyncResolver-bootstrap-executor-0] c.n.d.s.r.aws.ConfigClusterResolver      : Resolving eureka endpoints via configuration
2022-12-20 19:09:56.804  INFO 28112 --- [AsyncResolver-bootstrap-executor-0] c.n.d.s.r.aws.ConfigClusterResolver      : Resolving eureka endpoints via configuration
2022-12-20 19:14:56.806  INFO 28112 --- [AsyncResolver-bootstrap-executor-0] c.n.d.s.r.aws.ConfigClusterResolver      : Resolving eureka endpoints via configuration
2022-12-20 19:19:56.822  INFO 28112 --- [AsyncResolver-bootstrap-executor-0] c.n.d.s.r.aws.ConfigClusterResolver      : Resolving eureka endpoints via configuration
2022-12-20 19:24:54.908  INFO 28112 --- [AsyncResolver-bootstrap-executor-0] c.n.d.s.r.aws.ConfigClusterResolver      : Resolving eureka endpoints via configuration
2022-12-20 19:29:54.926  INFO 28112 --- [AsyncResolver-bootstrap-executor-0] c.n.d.s.r.aws.ConfigClusterResolver      : Resolving eureka endpoints via configuration
2022-12-20 19:34:54.938  INFO 28112 --- [AsyncResolver-bootstrap-executor-0] c.n.d.s.r.aws.ConfigClusterResolver      : Resolving eureka endpoints via configuration
2022-12-20 19:39:54.941  INFO 28112 --- [AsyncResolver-bootstrap-executor-0] c.n.d.s.r.aws.ConfigClusterResolver      : Resolving eureka endpoints via configuration
2022-12-20 19:44:54.976  INFO 28112 --- [AsyncResolver-bootstrap-executor-0] c.n.d.s.r.aws.ConfigClusterResolver      : Resolving eureka endpoints via configuration
2022-12-20 19:47:32.016  INFO 28112 --- [reactor-http-nio-2] com.apigateway.CustomFilter              : Pre Filter -> Authorization = null
2022-12-20 19:47:32.019  INFO 28112 --- [reactor-http-nio-2] com.apigateway.CustomFilter              : REDIRECTING TO  -> PayPal service
2022-12-20 19:47:37.261  INFO 28112 --- [reactor-http-nio-2] com.apigateway.CustomFilter              : Post Filter = 200 OK
2022-12-20 19:47:51.173  INFO 28112 --- [reactor-http-nio-3] com.apigateway.CustomFilter              : Pre Filter -> Authorization = null
2022-12-20 19:47:51.174  INFO 28112 --- [reactor-http-nio-3] com.apigateway.CustomFilter              : REDIRECTING TO  -> Bank card service
2022-12-20 19:47:55.407  INFO 28112 --- [reactor-http-nio-4] com.apigateway.CustomFilter              : Pre Filter -> Authorization = null
2022-12-20 19:47:55.408  INFO 28112 --- [reactor-http-nio-4] com.apigateway.CustomFilter              : REDIRECTING TO  -> Authentication service
2022-12-20 19:47:59.936  INFO 28112 --- [reactor-http-nio-4] com.apigateway.CustomFilter              : Post Filter = 200 OK
2022-12-20 19:48:06.018  INFO 28112 --- [reactor-http-nio-3] com.apigateway.CustomFilter              : Post Filter = 200 OK
2022-12-20 19:49:55.055  INFO 28112 --- [AsyncResolver-bootstrap-executor-0] c.n.d.s.r.aws.ConfigClusterResolver      : Resolving eureka endpoints via configuration
2022-12-20 19:54:55.078  INFO 28112 --- [AsyncResolver-bootstrap-executor-0] c.n.d.s.r.aws.ConfigClusterResolver      : Resolving eureka endpoints via configuration
2022-12-20 19:59:55.099  INFO 28112 --- [AsyncResolver-bootstrap-executor-0] c.n.d.s.r.aws.ConfigClusterResolver      : Resolving eureka endpoints via configuration
2022-12-20 20:04:55.121  INFO 28112 --- [AsyncResolver-bootstrap-executor-0] c.n.d.s.r.aws.ConfigClusterResolver      : Resolving eureka endpoints via configuration
2022-12-20 20:09:55.136  INFO 28112 --- [AsyncResolver-bootstrap-executor-0] c.n.d.s.r.aws.ConfigClusterResolver      : Resolving eureka endpoints via configuration
2022-12-20 20:14:55.157  INFO 28112 --- [AsyncResolver-bootstrap-executor-0] c.n.d.s.r.aws.ConfigClusterResolver      : Resolving eureka endpoints via configuration
