2022-12-20 00:00:05.235  INFO 12776 --- [AsyncResolver-bootstrap-executor-0] c.n.d.s.r.aws.ConfigClusterResolver      : Resolving eureka endpoints via configuration
2022-12-20 00:05:05.533  INFO 12776 --- [AsyncResolver-bootstrap-executor-0] c.n.d.s.r.aws.ConfigClusterResolver      : Resolving eureka endpoints via configuration
2022-12-20 00:10:05.548  INFO 12776 --- [AsyncResolver-bootstrap-executor-0] c.n.d.s.r.aws.ConfigClusterResolver      : Resolving eureka endpoints via configuration
2022-12-20 00:15:05.568  INFO 12776 --- [AsyncResolver-bootstrap-executor-0] c.n.d.s.r.aws.ConfigClusterResolver      : Resolving eureka endpoints via configuration
2022-12-20 00:20:05.582  INFO 12776 --- [AsyncResolver-bootstrap-executor-0] c.n.d.s.r.aws.ConfigClusterResolver      : Resolving eureka endpoints via configuration
2022-12-20 00:25:05.591  INFO 12776 --- [AsyncResolver-bootstrap-executor-0] c.n.d.s.r.aws.ConfigClusterResolver      : Resolving eureka endpoints via configuration
2022-12-20 00:30:05.593  INFO 12776 --- [AsyncResolver-bootstrap-executor-0] c.n.d.s.r.aws.ConfigClusterResolver      : Resolving eureka endpoints via configuration
2022-12-20 00:35:05.611  INFO 12776 --- [AsyncResolver-bootstrap-executor-0] c.n.d.s.r.aws.ConfigClusterResolver      : Resolving eureka endpoints via configuration
2022-12-20 00:40:05.616  INFO 12776 --- [AsyncResolver-bootstrap-executor-0] c.n.d.s.r.aws.ConfigClusterResolver      : Resolving eureka endpoints via configuration
2022-12-20 00:45:05.621  INFO 12776 --- [AsyncResolver-bootstrap-executor-0] c.n.d.s.r.aws.ConfigClusterResolver      : Resolving eureka endpoints via configuration
2022-12-20 00:50:05.627  INFO 12776 --- [AsyncResolver-bootstrap-executor-0] c.n.d.s.r.aws.ConfigClusterResolver      : Resolving eureka endpoints via configuration
2022-12-20 00:55:05.645  INFO 12776 --- [AsyncResolver-bootstrap-executor-0] c.n.d.s.r.aws.ConfigClusterResolver      : Resolving eureka endpoints via configuration
2022-12-20 01:00:05.681  INFO 12776 --- [AsyncResolver-bootstrap-executor-0] c.n.d.s.r.aws.ConfigClusterResolver      : Resolving eureka endpoints via configuration
2022-12-20 01:05:05.688  INFO 12776 --- [AsyncResolver-bootstrap-executor-0] c.n.d.s.r.aws.ConfigClusterResolver      : Resolving eureka endpoints via configuration
2022-12-20 01:10:05.704  INFO 12776 --- [AsyncResolver-bootstrap-executor-0] c.n.d.s.r.aws.ConfigClusterResolver      : Resolving eureka endpoints via configuration
2022-12-20 01:15:05.721  INFO 12776 --- [AsyncResolver-bootstrap-executor-0] c.n.d.s.r.aws.ConfigClusterResolver      : Resolving eureka endpoints via configuration
2022-12-20 01:18:04.008  INFO 12776 --- [SpringApplicationShutdownHook] o.s.c.n.e.s.EurekaServiceRegistry        : Unregistering application AUTH-SERVICE with eureka with status DOWN
2022-12-20 01:18:04.013  INFO 12776 --- [SpringApplicationShutdownHook] com.netflix.discovery.DiscoveryClient    : Saw local status change event StatusChangeEvent [timestamp=1671495484013, current=DOWN, previous=UP]
2022-12-20 01:18:04.018  INFO 12776 --- [DiscoveryClient-InstanceInfoReplicator-0] com.netflix.discovery.DiscoveryClient    : DiscoveryClient_AUTH-SERVICE/DESKTOP-0AUJCS8:auth-service:7702: registering service...
2022-12-20 01:18:04.124  INFO 12776 --- [DiscoveryClient-InstanceInfoReplicator-0] com.netflix.discovery.DiscoveryClient    : DiscoveryClient_AUTH-SERVICE/DESKTOP-0AUJCS8:auth-service:7702 - registration status: 204
2022-12-20 01:18:04.965  INFO 12776 --- [SpringApplicationShutdownHook] j.LocalContainerEntityManagerFactoryBean : Closing JPA EntityManagerFactory for persistence unit 'default'
2022-12-20 01:18:05.008  INFO 12776 --- [SpringApplicationShutdownHook] .SchemaDropperImpl$DelayedDropActionImpl : HHH000477: Starting delayed evictData of schema as part of SessionFactory shut-down'
2022-12-20 01:18:05.032 DEBUG 12776 --- [SpringApplicationShutdownHook] org.hibernate.SQL                        : 
    
    alter table if exists web_shop_payment_method 
       drop constraint if exists FKl5ppvd04166bexq5dwf2ybt4t
2022-12-20 01:18:05.087 DEBUG 12776 --- [SpringApplicationShutdownHook] org.hibernate.SQL                        : 
    
    alter table if exists web_shop_payment_method 
       drop constraint if exists FKbi0o4ykh2bn0twbmkhqyp2t4s
2022-12-20 01:18:05.090 DEBUG 12776 --- [SpringApplicationShutdownHook] org.hibernate.SQL                        : 
    
    drop table if exists payment_method cascade
2022-12-20 01:18:05.111 DEBUG 12776 --- [SpringApplicationShutdownHook] org.hibernate.SQL                        : 
    
    drop table if exists web_shop_payment_method cascade
2022-12-20 01:18:05.119 DEBUG 12776 --- [SpringApplicationShutdownHook] org.hibernate.SQL                        : 
    
    drop table if exists web_shop cascade
2022-12-20 01:18:05.132 DEBUG 12776 --- [SpringApplicationShutdownHook] org.hibernate.SQL                        : 
    
    drop sequence if exists payment_method_id_seq
2022-12-20 01:18:05.141 DEBUG 12776 --- [SpringApplicationShutdownHook] org.hibernate.SQL                        : 
    
    drop sequence if exists web_shop_id_seq
2022-12-20 01:18:05.191  INFO 12776 --- [SpringApplicationShutdownHook] com.zaxxer.hikari.HikariDataSource       : HikariPool-1 - Shutdown initiated...
2022-12-20 01:18:05.255  INFO 12776 --- [SpringApplicationShutdownHook] com.zaxxer.hikari.HikariDataSource       : HikariPool-1 - Shutdown completed.
2022-12-20 01:18:05.262  INFO 12776 --- [SpringApplicationShutdownHook] com.netflix.discovery.DiscoveryClient    : Shutting down DiscoveryClient ...
2022-12-20 01:18:08.332  INFO 12776 --- [SpringApplicationShutdownHook] com.netflix.discovery.DiscoveryClient    : Unregistering ...
2022-12-20 01:18:08.503  INFO 12776 --- [SpringApplicationShutdownHook] com.netflix.discovery.DiscoveryClient    : DiscoveryClient_AUTH-SERVICE/DESKTOP-0AUJCS8:auth-service:7702 - deregister  status: 200
2022-12-20 01:18:08.665  INFO 12776 --- [SpringApplicationShutdownHook] com.netflix.discovery.DiscoveryClient    : Completed shut down of DiscoveryClient
2022-12-20 17:58:45.769  INFO 22744 --- [main] com.authservice.AuthServiceApplication   : Starting AuthServiceApplication using Java 19.0.1 on DESKTOP-0AUJCS8 with PID 22744 (C:\GIT\UPP_i_SEP_UDD\employment-agency\PaymentService\auth-service\target\classes started by Nemanja in C:\GIT\UPP_i_SEP_UDD\employment-agency\PaymentService\auth-service)
2022-12-20 17:58:45.784 DEBUG 22744 --- [main] com.authservice.AuthServiceApplication   : Running with Spring Boot v2.7.2, Spring v5.3.22
2022-12-20 17:58:45.787  INFO 22744 --- [main] com.authservice.AuthServiceApplication   : No active profile set, falling back to 1 default profile: "default"
2022-12-20 17:58:49.498  INFO 22744 --- [main] .s.d.r.c.RepositoryConfigurationDelegate : Bootstrapping Spring Data JPA repositories in DEFAULT mode.
2022-12-20 17:58:50.181  INFO 22744 --- [main] .s.d.r.c.RepositoryConfigurationDelegate : Finished Spring Data repository scanning in 648 ms. Found 2 JPA repository interfaces.
2022-12-20 17:58:51.278  INFO 22744 --- [main] o.s.cloud.context.scope.GenericScope     : BeanFactory id=8192f8d7-84c6-32e7-86a6-fc1dfdc51d58
2022-12-20 17:58:51.906  INFO 22744 --- [main] trationDelegate$BeanPostProcessorChecker : Bean 'org.springframework.security.access.expression.method.DefaultMethodSecurityExpressionHandler@3f0d6038' of type [org.springframework.security.access.expression.method.DefaultMethodSecurityExpressionHandler] is not eligible for getting processed by all BeanPostProcessors (for example: not eligible for auto-proxying)
2022-12-20 17:58:51.922  INFO 22744 --- [main] trationDelegate$BeanPostProcessorChecker : Bean 'methodSecurityMetadataSource' of type [org.springframework.security.access.method.DelegatingMethodSecurityMetadataSource] is not eligible for getting processed by all BeanPostProcessors (for example: not eligible for auto-proxying)
2022-12-20 17:58:53.328  INFO 22744 --- [main] o.s.b.w.embedded.tomcat.TomcatWebServer  : Tomcat initialized with port(s): 7702 (http)
2022-12-20 17:58:53.362  INFO 22744 --- [main] o.apache.catalina.core.StandardService   : Starting service [Tomcat]
2022-12-20 17:58:53.363  INFO 22744 --- [main] org.apache.catalina.core.StandardEngine  : Starting Servlet engine: [Apache Tomcat/9.0.65]
2022-12-20 17:58:54.077  INFO 22744 --- [main] o.a.c.c.C.[Tomcat].[localhost].[/]       : Initializing Spring embedded WebApplicationContext
2022-12-20 17:58:54.078  INFO 22744 --- [main] w.s.c.ServletWebServerApplicationContext : Root WebApplicationContext: initialization completed in 7979 ms
2022-12-20 17:58:54.933  INFO 22744 --- [main] o.hibernate.jpa.internal.util.LogHelper  : HHH000204: Processing PersistenceUnitInfo [name: default]
2022-12-20 17:58:55.229  INFO 22744 --- [main] org.hibernate.Version                    : HHH000412: Hibernate ORM core version 5.6.10.Final
2022-12-20 17:58:55.895  INFO 22744 --- [main] o.hibernate.annotations.common.Version   : HCANN000001: Hibernate Commons Annotations {5.1.2.Final}
2022-12-20 17:58:56.350  INFO 22744 --- [main] com.zaxxer.hikari.HikariDataSource       : HikariPool-1 - Starting...
2022-12-20 17:58:56.739  INFO 22744 --- [main] com.zaxxer.hikari.HikariDataSource       : HikariPool-1 - Start completed.
2022-12-20 17:58:56.820  INFO 22744 --- [main] org.hibernate.dialect.Dialect            : HHH000400: Using dialect: org.hibernate.dialect.PostgreSQL95Dialect
2022-12-20 17:58:59.301 DEBUG 22744 --- [main] org.hibernate.SQL                        : 
    
    alter table if exists web_shop_payment_method 
       drop constraint if exists FKl5ppvd04166bexq5dwf2ybt4t
2022-12-20 17:58:59.318  WARN 22744 --- [main] o.h.engine.jdbc.spi.SqlExceptionHelper   : SQL Warning Code: 0, SQLState: 00000
2022-12-20 17:58:59.318  WARN 22744 --- [main] o.h.engine.jdbc.spi.SqlExceptionHelper   : relation "web_shop_payment_method" does not exist, skipping
2022-12-20 17:58:59.319 DEBUG 22744 --- [main] org.hibernate.SQL                        : 
    
    alter table if exists web_shop_payment_method 
       drop constraint if exists FKbi0o4ykh2bn0twbmkhqyp2t4s
2022-12-20 17:58:59.321  WARN 22744 --- [main] o.h.engine.jdbc.spi.SqlExceptionHelper   : SQL Warning Code: 0, SQLState: 00000
2022-12-20 17:58:59.322  WARN 22744 --- [main] o.h.engine.jdbc.spi.SqlExceptionHelper   : relation "web_shop_payment_method" does not exist, skipping
2022-12-20 17:58:59.323 DEBUG 22744 --- [main] org.hibernate.SQL                        : 
    
    drop table if exists payment_method cascade
2022-12-20 17:58:59.325  WARN 22744 --- [main] o.h.engine.jdbc.spi.SqlExceptionHelper   : SQL Warning Code: 0, SQLState: 00000
2022-12-20 17:58:59.326  WARN 22744 --- [main] o.h.engine.jdbc.spi.SqlExceptionHelper   : table "payment_method" does not exist, skipping
2022-12-20 17:58:59.326 DEBUG 22744 --- [main] org.hibernate.SQL                        : 
    
    drop table if exists web_shop_payment_method cascade
2022-12-20 17:58:59.328  WARN 22744 --- [main] o.h.engine.jdbc.spi.SqlExceptionHelper   : SQL Warning Code: 0, SQLState: 00000
2022-12-20 17:58:59.328  WARN 22744 --- [main] o.h.engine.jdbc.spi.SqlExceptionHelper   : table "web_shop_payment_method" does not exist, skipping
2022-12-20 17:58:59.329 DEBUG 22744 --- [main] org.hibernate.SQL                        : 
    
    drop table if exists web_shop cascade
2022-12-20 17:58:59.331  WARN 22744 --- [main] o.h.engine.jdbc.spi.SqlExceptionHelper   : SQL Warning Code: 0, SQLState: 00000
2022-12-20 17:58:59.331  WARN 22744 --- [main] o.h.engine.jdbc.spi.SqlExceptionHelper   : table "web_shop" does not exist, skipping
2022-12-20 17:58:59.332 DEBUG 22744 --- [main] org.hibernate.SQL                        : 
    
    drop sequence if exists payment_method_id_seq
2022-12-20 17:58:59.333  WARN 22744 --- [main] o.h.engine.jdbc.spi.SqlExceptionHelper   : SQL Warning Code: 0, SQLState: 00000
2022-12-20 17:58:59.334  WARN 22744 --- [main] o.h.engine.jdbc.spi.SqlExceptionHelper   : sequence "payment_method_id_seq" does not exist, skipping
2022-12-20 17:58:59.334 DEBUG 22744 --- [main] org.hibernate.SQL                        : 
    
    drop sequence if exists web_shop_id_seq
2022-12-20 17:58:59.335  WARN 22744 --- [main] o.h.engine.jdbc.spi.SqlExceptionHelper   : SQL Warning Code: 0, SQLState: 00000
2022-12-20 17:58:59.336  WARN 22744 --- [main] o.h.engine.jdbc.spi.SqlExceptionHelper   : sequence "web_shop_id_seq" does not exist, skipping
2022-12-20 17:58:59.342 DEBUG 22744 --- [main] org.hibernate.SQL                        : create sequence payment_method_id_seq start 1 increment 1
2022-12-20 17:58:59.378 DEBUG 22744 --- [main] org.hibernate.SQL                        : create sequence web_shop_id_seq start 1 increment 1
2022-12-20 17:58:59.387 DEBUG 22744 --- [main] org.hibernate.SQL                        : 
    
    create table payment_method (
       id int8 not null,
        name varchar(255),
        primary key (id)
    )
2022-12-20 17:58:59.420 DEBUG 22744 --- [main] org.hibernate.SQL                        : 
    
    create table web_shop_payment_method (
       web_shop_id int8 not null,
        payment_method_id int8 not null,
        primary key (web_shop_id, payment_method_id)
    )
2022-12-20 17:58:59.431 DEBUG 22744 --- [main] org.hibernate.SQL                        : 
    
    create table web_shop (
       id int8 not null,
        currency varchar(255),
        merchant_id varchar(255),
        merchant_password varchar(255),
        merchant_uuid varchar(255),
        password varchar(255),
        username varchar(255),
        primary key (id)
    )
2022-12-20 17:58:59.455 DEBUG 22744 --- [main] org.hibernate.SQL                        : 
    
    alter table if exists payment_method 
       add constraint UK_ai10u6l9urufl9pidfuhnmmcj unique (name)
2022-12-20 17:58:59.463 DEBUG 22744 --- [main] org.hibernate.SQL                        : 
    
    alter table if exists web_shop 
       add constraint UK_6lhpfrii9qxuyys8u4a05aokw unique (username)
2022-12-20 17:58:59.470 DEBUG 22744 --- [main] org.hibernate.SQL                        : 
    
    alter table if exists web_shop_payment_method 
       add constraint FKl5ppvd04166bexq5dwf2ybt4t 
       foreign key (payment_method_id) 
       references payment_method
2022-12-20 17:58:59.492 DEBUG 22744 --- [main] org.hibernate.SQL                        : 
    
    alter table if exists web_shop_payment_method 
       add constraint FKbi0o4ykh2bn0twbmkhqyp2t4s 
       foreign key (web_shop_id) 
       references web_shop
2022-12-20 17:58:59.506  INFO 22744 --- [main] o.h.e.t.j.p.i.JtaPlatformInitiator       : HHH000490: Using JtaPlatform implementation: [org.hibernate.engine.transaction.jta.platform.internal.NoJtaPlatform]
2022-12-20 17:58:59.538  INFO 22744 --- [main] j.LocalContainerEntityManagerFactoryBean : Initialized JPA EntityManagerFactory for persistence unit 'default'
2022-12-20 17:59:03.878  INFO 22744 --- [main] o.s.s.web.DefaultSecurityFilterChain     : Will not secure Ant [pattern='/auth/login', POST]
2022-12-20 17:59:03.880  INFO 22744 --- [main] o.s.s.web.DefaultSecurityFilterChain     : Will not secure Ant [pattern='/auth/addPaymentMethod', POST]
2022-12-20 17:59:03.880  INFO 22744 --- [main] o.s.s.web.DefaultSecurityFilterChain     : Will not secure Ant [pattern='/auth/deletePaymentMethod', POST]
2022-12-20 17:59:03.881  INFO 22744 --- [main] o.s.s.web.DefaultSecurityFilterChain     : Will not secure Ant [pattern='/', GET]
2022-12-20 17:59:03.881  INFO 22744 --- [main] o.s.s.web.DefaultSecurityFilterChain     : Will not secure Ant [pattern='/webjars/**', GET]
2022-12-20 17:59:03.882  INFO 22744 --- [main] o.s.s.web.DefaultSecurityFilterChain     : Will not secure Ant [pattern='/*.html', GET]
2022-12-20 17:59:03.883  INFO 22744 --- [main] o.s.s.web.DefaultSecurityFilterChain     : Will not secure Ant [pattern='favicon.ico', GET]
2022-12-20 17:59:03.884  INFO 22744 --- [main] o.s.s.web.DefaultSecurityFilterChain     : Will not secure Ant [pattern='/**/*.html', GET]
2022-12-20 17:59:03.884  INFO 22744 --- [main] o.s.s.web.DefaultSecurityFilterChain     : Will not secure Ant [pattern='/**/*.css', GET]
2022-12-20 17:59:03.885  INFO 22744 --- [main] o.s.s.web.DefaultSecurityFilterChain     : Will not secure Ant [pattern='/**/*.js', GET]
2022-12-20 17:59:03.961  INFO 22744 --- [main] o.s.s.web.DefaultSecurityFilterChain     : Will secure any request with [org.springframework.security.web.context.request.async.WebAsyncManagerIntegrationFilter@507fecf3, org.springframework.security.web.context.SecurityContextPersistenceFilter@2566247d, org.springframework.security.web.header.HeaderWriterFilter@5325674a, org.springframework.web.filter.CorsFilter@3f1d4ecf, org.springframework.security.web.authentication.logout.LogoutFilter@3da6950f, com.authservice.security.TokenAuthFilter@6bbac73d, org.springframework.security.web.savedrequest.RequestCacheAwareFilter@63d14dbf, org.springframework.security.web.servletapi.SecurityContextHolderAwareRequestFilter@bb1b872, org.springframework.security.web.authentication.AnonymousAuthenticationFilter@4e53c6ef, org.springframework.security.web.session.SessionManagementFilter@f5b4ca6, org.springframework.security.web.access.ExceptionTranslationFilter@22657db1, org.springframework.security.web.access.intercept.FilterSecurityInterceptor@188b9a1e]
2022-12-20 17:59:04.427  INFO 22744 --- [main] DiscoveryClientOptionalArgsConfiguration : Eureka HTTP Client uses RestTemplate.
2022-12-20 17:59:04.934  WARN 22744 --- [main] iguration$LoadBalancerCaffeineWarnLogger : Spring Cloud LoadBalancer is currently working with the default cache. While this cache implementation is useful for development and tests, it's recommended to use Caffeine cache in production.You can switch to using Caffeine cache, by adding it and org.springframework.cache.caffeine.CaffeineCacheManager to the classpath.
2022-12-20 17:59:04.992  INFO 22744 --- [main] o.s.c.n.eureka.InstanceInfoFactory       : Setting initial instance status as: STARTING
2022-12-20 17:59:05.356  INFO 22744 --- [main] com.netflix.discovery.DiscoveryClient    : Initializing Eureka in region us-east-1
2022-12-20 17:59:05.372  INFO 22744 --- [main] c.n.d.s.r.aws.ConfigClusterResolver      : Resolving eureka endpoints via configuration
2022-12-20 17:59:05.440  INFO 22744 --- [main] com.netflix.discovery.DiscoveryClient    : Disable delta property : false
2022-12-20 17:59:05.440  INFO 22744 --- [main] com.netflix.discovery.DiscoveryClient    : Single vip registry refresh property : null
2022-12-20 17:59:05.440  INFO 22744 --- [main] com.netflix.discovery.DiscoveryClient    : Force full registry fetch : false
2022-12-20 17:59:05.440  INFO 22744 --- [main] com.netflix.discovery.DiscoveryClient    : Application is null : false
2022-12-20 17:59:05.440  INFO 22744 --- [main] com.netflix.discovery.DiscoveryClient    : Registered Applications size is zero : true
2022-12-20 17:59:05.442  INFO 22744 --- [main] com.netflix.discovery.DiscoveryClient    : Application version is -1: true
2022-12-20 17:59:05.442  INFO 22744 --- [main] com.netflix.discovery.DiscoveryClient    : Getting all instance registry info from the eureka server
2022-12-20 17:59:06.412  INFO 22744 --- [main] com.netflix.discovery.DiscoveryClient    : The response status is 200
2022-12-20 17:59:06.420  INFO 22744 --- [main] com.netflix.discovery.DiscoveryClient    : Starting heartbeat executor: renew interval is: 30
2022-12-20 17:59:06.429  INFO 22744 --- [main] c.n.discovery.InstanceInfoReplicator     : InstanceInfoReplicator onDemand update allowed rate per min is 4
2022-12-20 17:59:06.446  INFO 22744 --- [main] com.netflix.discovery.DiscoveryClient    : Discovery Client initialized at timestamp 1671555546442 with initial instances count: 2
2022-12-20 17:59:06.459  INFO 22744 --- [main] o.s.c.n.e.s.EurekaServiceRegistry        : Registering application AUTH-SERVICE with eureka with status UP
2022-12-20 17:59:06.461  INFO 22744 --- [main] com.netflix.discovery.DiscoveryClient    : Saw local status change event StatusChangeEvent [timestamp=1671555546461, current=UP, previous=STARTING]
2022-12-20 17:59:06.466  INFO 22744 --- [DiscoveryClient-InstanceInfoReplicator-0] com.netflix.discovery.DiscoveryClient    : DiscoveryClient_AUTH-SERVICE/DESKTOP-0AUJCS8:auth-service:7702: registering service...
2022-12-20 17:59:06.545  INFO 22744 --- [main] o.s.b.w.embedded.tomcat.TomcatWebServer  : Tomcat started on port(s): 7702 (http) with context path ''
2022-12-20 17:59:06.547  INFO 22744 --- [main] .s.c.n.e.s.EurekaAutoServiceRegistration : Updating port to 7702
2022-12-20 17:59:06.604  INFO 22744 --- [DiscoveryClient-InstanceInfoReplicator-0] com.netflix.discovery.DiscoveryClient    : DiscoveryClient_AUTH-SERVICE/DESKTOP-0AUJCS8:auth-service:7702 - registration status: 204
2022-12-20 17:59:06.829  INFO 22744 --- [main] com.authservice.AuthServiceApplication   : Started AuthServiceApplication in 23.911 seconds (JVM running for 28.508)
2022-12-20 18:04:05.448  INFO 22744 --- [AsyncResolver-bootstrap-executor-0] c.n.d.s.r.aws.ConfigClusterResolver      : Resolving eureka endpoints via configuration
2022-12-20 18:09:05.592  INFO 22744 --- [AsyncResolver-bootstrap-executor-0] c.n.d.s.r.aws.ConfigClusterResolver      : Resolving eureka endpoints via configuration
2022-12-20 18:14:05.612  INFO 22744 --- [AsyncResolver-bootstrap-executor-0] c.n.d.s.r.aws.ConfigClusterResolver      : Resolving eureka endpoints via configuration
2022-12-20 18:19:05.624  INFO 22744 --- [AsyncResolver-bootstrap-executor-0] c.n.d.s.r.aws.ConfigClusterResolver      : Resolving eureka endpoints via configuration
2022-12-20 18:24:05.632  INFO 22744 --- [AsyncResolver-bootstrap-executor-0] c.n.d.s.r.aws.ConfigClusterResolver      : Resolving eureka endpoints via configuration
2022-12-20 18:29:05.634  INFO 22744 --- [AsyncResolver-bootstrap-executor-0] c.n.d.s.r.aws.ConfigClusterResolver      : Resolving eureka endpoints via configuration
2022-12-20 18:34:05.640  INFO 22744 --- [AsyncResolver-bootstrap-executor-0] c.n.d.s.r.aws.ConfigClusterResolver      : Resolving eureka endpoints via configuration
2022-12-20 18:39:05.651  INFO 22744 --- [AsyncResolver-bootstrap-executor-0] c.n.d.s.r.aws.ConfigClusterResolver      : Resolving eureka endpoints via configuration
2022-12-20 18:44:05.667  INFO 22744 --- [AsyncResolver-bootstrap-executor-0] c.n.d.s.r.aws.ConfigClusterResolver      : Resolving eureka endpoints via configuration
2022-12-20 18:49:05.681  INFO 22744 --- [AsyncResolver-bootstrap-executor-0] c.n.d.s.r.aws.ConfigClusterResolver      : Resolving eureka endpoints via configuration
2022-12-20 18:54:05.684  INFO 22744 --- [AsyncResolver-bootstrap-executor-0] c.n.d.s.r.aws.ConfigClusterResolver      : Resolving eureka endpoints via configuration
2022-12-20 18:59:05.700  INFO 22744 --- [AsyncResolver-bootstrap-executor-0] c.n.d.s.r.aws.ConfigClusterResolver      : Resolving eureka endpoints via configuration
2022-12-20 19:04:05.711  INFO 22744 --- [AsyncResolver-bootstrap-executor-0] c.n.d.s.r.aws.ConfigClusterResolver      : Resolving eureka endpoints via configuration
2022-12-20 19:09:05.730  INFO 22744 --- [AsyncResolver-bootstrap-executor-0] c.n.d.s.r.aws.ConfigClusterResolver      : Resolving eureka endpoints via configuration
2022-12-20 19:14:05.741  INFO 22744 --- [AsyncResolver-bootstrap-executor-0] c.n.d.s.r.aws.ConfigClusterResolver      : Resolving eureka endpoints via configuration
2022-12-20 19:19:05.747  INFO 22744 --- [AsyncResolver-bootstrap-executor-0] c.n.d.s.r.aws.ConfigClusterResolver      : Resolving eureka endpoints via configuration
2022-12-20 19:24:03.817  INFO 22744 --- [AsyncResolver-bootstrap-executor-0] c.n.d.s.r.aws.ConfigClusterResolver      : Resolving eureka endpoints via configuration
2022-12-20 19:29:03.832  INFO 22744 --- [AsyncResolver-bootstrap-executor-0] c.n.d.s.r.aws.ConfigClusterResolver      : Resolving eureka endpoints via configuration
2022-12-20 19:34:03.851  INFO 22744 --- [AsyncResolver-bootstrap-executor-0] c.n.d.s.r.aws.ConfigClusterResolver      : Resolving eureka endpoints via configuration
2022-12-20 19:39:03.867  INFO 22744 --- [AsyncResolver-bootstrap-executor-0] c.n.d.s.r.aws.ConfigClusterResolver      : Resolving eureka endpoints via configuration
2022-12-20 19:44:03.892  INFO 22744 --- [AsyncResolver-bootstrap-executor-0] c.n.d.s.r.aws.ConfigClusterResolver      : Resolving eureka endpoints via configuration
2022-12-20 19:47:58.149  INFO 22744 --- [http-nio-7702-exec-1] o.a.c.c.C.[Tomcat].[localhost].[/]       : Initializing Spring DispatcherServlet 'dispatcherServlet'
2022-12-20 19:47:58.158  INFO 22744 --- [http-nio-7702-exec-1] o.s.web.servlet.DispatcherServlet        : Initializing Servlet 'dispatcherServlet'
2022-12-20 19:47:58.372  INFO 22744 --- [http-nio-7702-exec-1] o.s.web.servlet.DispatcherServlet        : Completed initialization in 213 ms
2022-12-20 19:47:59.431 DEBUG 22744 --- [http-nio-7702-exec-1] org.hibernate.SQL                        : 
    select
        webshop0_.id as id1_2_,
        webshop0_.currency as currency2_2_,
        webshop0_.merchant_id as merchant3_2_,
        webshop0_.merchant_password as merchant4_2_,
        webshop0_.merchant_uuid as merchant5_2_,
        webshop0_.password as password6_2_,
        webshop0_.username as username7_2_ 
    from
        web_shop webshop0_ 
    where
        webshop0_.merchant_uuid=?
2022-12-20 19:47:59.499 TRACE 22744 --- [http-nio-7702-exec-1] o.h.type.descriptor.sql.BasicBinder      : binding parameter [1] as [VARCHAR] - [12345678-1234-1234-1234-123456789012]
2022-12-20 19:47:59.655 DEBUG 22744 --- [http-nio-7702-exec-1] org.hibernate.SQL                        : 
    select
        paymentmet0_.web_shop_id as web_shop1_1_0_,
        paymentmet0_.payment_method_id as payment_2_1_0_,
        paymentmet1_.id as id1_0_1_,
        paymentmet1_.name as name2_0_1_ 
    from
        web_shop_payment_method paymentmet0_ 
    inner join
        payment_method paymentmet1_ 
            on paymentmet0_.payment_method_id=paymentmet1_.id 
    where
        paymentmet0_.web_shop_id=?
2022-12-20 19:47:59.658 TRACE 22744 --- [http-nio-7702-exec-1] o.h.type.descriptor.sql.BasicBinder      : binding parameter [1] as [BIGINT] - [1]
2022-12-20 19:49:04.004  INFO 22744 --- [AsyncResolver-bootstrap-executor-0] c.n.d.s.r.aws.ConfigClusterResolver      : Resolving eureka endpoints via configuration
2022-12-20 19:54:04.022  INFO 22744 --- [AsyncResolver-bootstrap-executor-0] c.n.d.s.r.aws.ConfigClusterResolver      : Resolving eureka endpoints via configuration
2022-12-20 19:59:04.048  INFO 22744 --- [AsyncResolver-bootstrap-executor-0] c.n.d.s.r.aws.ConfigClusterResolver      : Resolving eureka endpoints via configuration
2022-12-20 20:04:04.069  INFO 22744 --- [AsyncResolver-bootstrap-executor-0] c.n.d.s.r.aws.ConfigClusterResolver      : Resolving eureka endpoints via configuration
2022-12-20 20:09:04.088  INFO 22744 --- [AsyncResolver-bootstrap-executor-0] c.n.d.s.r.aws.ConfigClusterResolver      : Resolving eureka endpoints via configuration
2022-12-20 20:14:04.136  INFO 22744 --- [AsyncResolver-bootstrap-executor-0] c.n.d.s.r.aws.ConfigClusterResolver      : Resolving eureka endpoints via configuration
